Mplus VERSION 8 (Linux)
MUTHEN & MUTHEN
03/27/2019   3:32 PM

INPUT INSTRUCTIONS

  TITLE: Var64-Factor9-20180228
  DATA: FILE = "../urbandata2019-64var-id-sorted-updated-missing.dat";
  VARIABLE:
  NAMES = modeCar modePT modeBike modeWalk gasPrice rdDeath subLen subLenD subStPHK
       subRidPC subAge BRTLen BRTLenD BRTStPHK BRTFlPHK BRTRidPC BRTAge bsSt bsStPHK
       bsBikes bsBikPHK bsAge congest AMPeak PMPeak TI TTI inefInd pop land popDen
       poCh9000 poCh0010 poCh1020 poCh2025 ur15 urCh1525 GDPPCP unemploy costLiv rent
       grocery restaPri locPurPo gini poverty lifeExp safety internet digital innovat
       smartphon CO2EmsPC polluI stLenT stLenD stLenAvg intersT intersD k_avg
       stPerNode circuity loopP highwayP;
       MISSING = .;
          CENSORED =
              subLen (b)
              subLenD (b)
              subStPHK (b)
              subRidPC (b)
              subAge (b)
              BRTLen (b)
              BRTLenD (b)
              BRTStPHK (b)
              BRTFlPHK (b)
              BRTRidPC (b)
              BRTAge (b)
              bsSt (b)
              bsStPHK (b)
              bsBikes (b)
              bsBikPHK (b)
              bsAge (b);
          	
  ANALYSIS:	TYPE = EFA 9 9;
  			ESTIMATOR = MLR;
  			INTEGRATION = 4;
      		PROCESS = 8;
  OUTPUT: 	MODINDICES;	
  	
  			







*** WARNING in VARIABLE command
  Note that only the first 8 characters of variable names are used in the output.
  Shorten variable names to avoid any confusion.
*** WARNING in OUTPUT command
  MODINDICES option is not available for ALGORITHM=INTEGRATION.
  Request for MODINDICES is ignored.
   2 WARNING(S) FOUND IN THE INPUT INSTRUCTIONS



Var64-Factor9-20180228

SUMMARY OF ANALYSIS

Number of groups                                                 1
Number of observations                                         331

Number of dependent variables                                   64
Number of independent variables                                  0
Number of continuous latent variables                            0

Observed dependent variables

  Continuous
   MODECAR     MODEPT      MODEBIKE    MODEWALK    GASPRICE    RDDEATH
   CONGEST     AMPEAK      PMPEAK      TI          TTI         INEFIND
   POP         LAND        POPDEN      POCH9000    POCH0010    POCH1020
   POCH2025    UR15        URCH1525    GDPPCP      UNEMPLOY    COSTLIV
   RENT        GROCERY     RESTAPRI    LOCPURPO    GINI        POVERTY
   LIFEEXP     SAFETY      INTERNET    DIGITAL     INNOVAT     SMARTPHON
   CO2EMSPC    POLLUI      STLENT      STLEND      STLENAVG    INTERST
   INTERSD     K_AVG       STPERNODE   CIRCUITY    LOOPP       HIGHWAYP

  Censored
   SUBLEN      SUBLEND     SUBSTPHK    SUBRIDPC    SUBAGE      BRTLEN
   BRTLEND     BRTSTPHK    BRTFLPHK    BRTRIDPC    BRTAGE      BSST
   BSSTPHK     BSBIKES     BSBIKPHK    BSAGE


Estimator                                                      MLR
Rotation                                                    GEOMIN
Row standardization                                    CORRELATION
Type of rotation                                           OBLIQUE
Epsilon value                                               Varies
Information matrix                                        OBSERVED
Optimization Specifications for the Quasi-Newton Algorithm for
Continuous Outcomes
  Maximum number of iterations                                 100
  Convergence criterion                                  0.100D-05
Optimization Specifications for the EM Algorithm
  Maximum number of iterations                                 500
  Convergence criteria
    Loglikelihood change                                 0.100D-02
    Relative loglikelihood change                        0.100D-05
    Derivative                                           0.100D-02
Optimization Specifications for the M step of the EM Algorithm for
Categorical Latent variables
  Number of M step iterations                                    1
  M step convergence criterion                           0.100D-02
  Basis for M step termination                           ITERATION
Optimization Specifications for the M step of the EM Algorithm for
Censored, Binary or Ordered Categorical (Ordinal), Unordered
Categorical (Nominal) and Count Outcomes
  Number of M step iterations                                    1
  M step convergence criterion                           0.100D-02
  Basis for M step termination                           ITERATION
  Maximum value for logit thresholds                            15
  Minimum value for logit thresholds                           -15
  Minimum expected cell size for chi-square              0.100D-01
Maximum number of iterations for H1                           2000
Convergence criterion for H1                             0.100D-03
Optimization Specifications for the Exploratory Factor Analysis
Rotation Algorithm
  Number of random starts                                       30
  Maximum number of iterations                               10000
  Derivative convergence criterion                       0.100D-04
Optimization algorithm                                         EMA
Integration Specifications
  Type                                                    STANDARD
  Number of integration points                                   4
  Dimensions of numerical integration                            9
  Adaptive quadrature                                          OFF
Cholesky                                                       OFF

Input data file(s)
  ../urbandata2019-64var-id-sorted-updated-missing.dat
Input data format  FREE


SUMMARY OF DATA

     Number of missing data patterns           188


COVARIANCE COVERAGE OF DATA

Minimum covariance coverage value   0.100


     PROPORTION OF DATA PRESENT FOR Y


           Covariance Coverage
              MODECAR       MODEPT        MODEBIKE      MODEWALK      GASPRICE
              ________      ________      ________      ________      ________
 MODECAR        0.677
 MODEPT         0.677         0.686
 MODEBIKE       0.541         0.544         0.556
 MODEWALK       0.589         0.592         0.538         0.601
 GASPRICE       0.677         0.686         0.556         0.601         1.000
 RDDEATH        0.677         0.686         0.556         0.601         0.997
 CONGEST        0.438         0.438         0.408         0.423         0.498
 AMPEAK         0.438         0.438         0.408         0.423         0.498
 PMPEAK         0.438         0.438         0.408         0.423         0.498
 TI             0.366         0.366         0.311         0.323         0.429
 TTI            0.366         0.366         0.311         0.323         0.429
 INEFIND        0.366         0.366         0.311         0.323         0.429
 POP            0.677         0.686         0.556         0.601         1.000
 LAND           0.677         0.686         0.556         0.601         1.000
 POPDEN         0.677         0.686         0.556         0.601         1.000
 POCH9000       0.677         0.686         0.556         0.601         1.000
 POCH0010       0.677         0.686         0.556         0.601         1.000
 POCH1020       0.677         0.686         0.556         0.601         1.000
 POCH2025       0.677         0.686         0.556         0.601         1.000
 UR15           0.671         0.680         0.550         0.595         0.991
 URCH1525       0.671         0.680         0.550         0.595         0.991
 GDPPCP         0.677         0.686         0.556         0.601         1.000
 UNEMPLOY       0.495         0.502         0.438         0.441         0.583
 COSTLIV        0.541         0.541         0.450         0.483         0.674
 RENT           0.541         0.541         0.450         0.483         0.674
 GROCERY        0.541         0.541         0.450         0.483         0.674
 RESTAPRI       0.541         0.541         0.450         0.483         0.674
 LOCPURPO       0.541         0.541         0.450         0.483         0.674
 GINI           0.486         0.492         0.393         0.417         0.683
 POVERTY        0.414         0.420         0.335         0.356         0.586
 LIFEEXP        0.677         0.686         0.556         0.601         1.000
 SAFETY         0.505         0.505         0.423         0.453         0.625
 INTERNET       0.677         0.686         0.556         0.601         0.997
 DIGITAL        0.671         0.680         0.550         0.595         0.979
 INNOVAT        0.595         0.598         0.505         0.535         0.779
 SMARTPHO       0.517         0.523         0.432         0.444         0.662
 CO2EMSPC       0.677         0.686         0.556         0.601         1.000
 POLLUI         0.414         0.414         0.347         0.372         0.514
 STLENT         0.644         0.653         0.535         0.577         0.958
 STLEND         0.644         0.653         0.535         0.577         0.958
 STLENAVG       0.644         0.653         0.535         0.577         0.958
 INTERST        0.644         0.653         0.535         0.577         0.958
 INTERSD        0.644         0.653         0.535         0.577         0.958
 K_AVG          0.644         0.653         0.535         0.577         0.958
 STPERNOD       0.644         0.653         0.535         0.577         0.958
 CIRCUITY       0.644         0.653         0.535         0.577         0.958
 LOOPP          0.644         0.653         0.535         0.577         0.958
 HIGHWAYP       0.644         0.653         0.535         0.577         0.958


           Covariance Coverage
              RDDEATH       CONGEST       AMPEAK        PMPEAK        TI
              ________      ________      ________      ________      ________
 RDDEATH        0.997
 CONGEST        0.498         0.498
 AMPEAK         0.498         0.498         0.498
 PMPEAK         0.498         0.498         0.498         0.498
 TI             0.429         0.314         0.314         0.314         0.429
 TTI            0.429         0.314         0.314         0.314         0.429
 INEFIND        0.429         0.314         0.314         0.314         0.429
 POP            0.997         0.498         0.498         0.498         0.429
 LAND           0.997         0.498         0.498         0.498         0.429
 POPDEN         0.997         0.498         0.498         0.498         0.429
 POCH9000       0.997         0.498         0.498         0.498         0.429
 POCH0010       0.997         0.498         0.498         0.498         0.429
 POCH1020       0.997         0.498         0.498         0.498         0.429
 POCH2025       0.997         0.498         0.498         0.498         0.429
 UR15           0.988         0.492         0.492         0.492         0.426
 URCH1525       0.988         0.492         0.492         0.492         0.426
 GDPPCP         0.997         0.498         0.498         0.498         0.429
 UNEMPLOY       0.583         0.414         0.414         0.414         0.320
 COSTLIV        0.674         0.423         0.423         0.423         0.426
 RENT           0.674         0.423         0.423         0.423         0.426
 GROCERY        0.674         0.423         0.423         0.423         0.426
 RESTAPRI       0.674         0.423         0.423         0.423         0.426
 LOCPURPO       0.674         0.423         0.423         0.423         0.426
 GINI           0.683         0.353         0.353         0.353         0.296
 POVERTY        0.586         0.269         0.269         0.269         0.272
 LIFEEXP        0.997         0.498         0.498         0.498         0.429
 SAFETY         0.625         0.402         0.402         0.402         0.423
 INTERNET       0.997         0.498         0.498         0.498         0.429
 DIGITAL        0.979         0.498         0.498         0.498         0.429
 INNOVAT        0.779         0.489         0.489         0.489         0.420
 SMARTPHO       0.662         0.408         0.408         0.408         0.311
 CO2EMSPC       0.997         0.498         0.498         0.498         0.429
 POLLUI         0.514         0.320         0.320         0.320         0.393
 STLENT         0.955         0.474         0.474         0.474         0.405
 STLEND         0.955         0.474         0.474         0.474         0.405
 STLENAVG       0.955         0.474         0.474         0.474         0.405
 INTERST        0.955         0.474         0.474         0.474         0.405
 INTERSD        0.955         0.474         0.474         0.474         0.405
 K_AVG          0.955         0.474         0.474         0.474         0.405
 STPERNOD       0.955         0.474         0.474         0.474         0.405
 CIRCUITY       0.955         0.474         0.474         0.474         0.405
 LOOPP          0.955         0.474         0.474         0.474         0.405
 HIGHWAYP       0.955         0.474         0.474         0.474         0.405


           Covariance Coverage
              TTI           INEFIND       POP           LAND          POPDEN
              ________      ________      ________      ________      ________
 TTI            0.429
 INEFIND        0.429         0.429
 POP            0.429         0.429         1.000
 LAND           0.429         0.429         1.000         1.000
 POPDEN         0.429         0.429         1.000         1.000         1.000
 POCH9000       0.429         0.429         1.000         1.000         1.000
 POCH0010       0.429         0.429         1.000         1.000         1.000
 POCH1020       0.429         0.429         1.000         1.000         1.000
 POCH2025       0.429         0.429         1.000         1.000         1.000
 UR15           0.426         0.426         0.991         0.991         0.991
 URCH1525       0.426         0.426         0.991         0.991         0.991
 GDPPCP         0.429         0.429         1.000         1.000         1.000
 UNEMPLOY       0.320         0.320         0.583         0.583         0.583
 COSTLIV        0.426         0.426         0.674         0.674         0.674
 RENT           0.426         0.426         0.674         0.674         0.674
 GROCERY        0.426         0.426         0.674         0.674         0.674
 RESTAPRI       0.426         0.426         0.674         0.674         0.674
 LOCPURPO       0.426         0.426         0.674         0.674         0.674
 GINI           0.296         0.296         0.683         0.683         0.683
 POVERTY        0.272         0.272         0.586         0.586         0.586
 LIFEEXP        0.429         0.429         1.000         1.000         1.000
 SAFETY         0.423         0.423         0.625         0.625         0.625
 INTERNET       0.429         0.429         0.997         0.997         0.997
 DIGITAL        0.429         0.429         0.979         0.979         0.979
 INNOVAT        0.420         0.420         0.779         0.779         0.779
 SMARTPHO       0.311         0.311         0.662         0.662         0.662
 CO2EMSPC       0.429         0.429         1.000         1.000         1.000
 POLLUI         0.393         0.393         0.514         0.514         0.514
 STLENT         0.405         0.405         0.958         0.958         0.958
 STLEND         0.405         0.405         0.958         0.958         0.958
 STLENAVG       0.405         0.405         0.958         0.958         0.958
 INTERST        0.405         0.405         0.958         0.958         0.958
 INTERSD        0.405         0.405         0.958         0.958         0.958
 K_AVG          0.405         0.405         0.958         0.958         0.958
 STPERNOD       0.405         0.405         0.958         0.958         0.958
 CIRCUITY       0.405         0.405         0.958         0.958         0.958
 LOOPP          0.405         0.405         0.958         0.958         0.958
 HIGHWAYP       0.405         0.405         0.958         0.958         0.958


           Covariance Coverage
              POCH9000      POCH0010      POCH1020      POCH2025      UR15
              ________      ________      ________      ________      ________
 POCH9000       1.000
 POCH0010       1.000         1.000
 POCH1020       1.000         1.000         1.000
 POCH2025       1.000         1.000         1.000         1.000
 UR15           0.991         0.991         0.991         0.991         0.991
 URCH1525       0.991         0.991         0.991         0.991         0.991
 GDPPCP         1.000         1.000         1.000         1.000         0.991
 UNEMPLOY       0.583         0.583         0.583         0.583         0.580
 COSTLIV        0.674         0.674         0.674         0.674         0.668
 RENT           0.674         0.674         0.674         0.674         0.668
 GROCERY        0.674         0.674         0.674         0.674         0.668
 RESTAPRI       0.674         0.674         0.674         0.674         0.668
 LOCPURPO       0.674         0.674         0.674         0.674         0.668
 GINI           0.683         0.683         0.683         0.683         0.683
 POVERTY        0.586         0.586         0.586         0.586         0.583
 LIFEEXP        1.000         1.000         1.000         1.000         0.991
 SAFETY         0.625         0.625         0.625         0.625         0.622
 INTERNET       0.997         0.997         0.997         0.997         0.988
 DIGITAL        0.979         0.979         0.979         0.979         0.970
 INNOVAT        0.779         0.779         0.779         0.779         0.770
 SMARTPHO       0.662         0.662         0.662         0.662         0.662
 CO2EMSPC       1.000         1.000         1.000         1.000         0.991
 POLLUI         0.514         0.514         0.514         0.514         0.508
 STLENT         0.958         0.958         0.958         0.958         0.949
 STLEND         0.958         0.958         0.958         0.958         0.949
 STLENAVG       0.958         0.958         0.958         0.958         0.949
 INTERST        0.958         0.958         0.958         0.958         0.949
 INTERSD        0.958         0.958         0.958         0.958         0.949
 K_AVG          0.958         0.958         0.958         0.958         0.949
 STPERNOD       0.958         0.958         0.958         0.958         0.949
 CIRCUITY       0.958         0.958         0.958         0.958         0.949
 LOOPP          0.958         0.958         0.958         0.958         0.949
 HIGHWAYP       0.958         0.958         0.958         0.958         0.949


           Covariance Coverage
              URCH1525      GDPPCP        UNEMPLOY      COSTLIV       RENT
              ________      ________      ________      ________      ________
 URCH1525       0.991
 GDPPCP         0.991         1.000
 UNEMPLOY       0.580         0.583         0.583
 COSTLIV        0.668         0.674         0.432         0.674
 RENT           0.668         0.674         0.432         0.674         0.674
 GROCERY        0.668         0.674         0.432         0.674         0.674
 RESTAPRI       0.668         0.674         0.432         0.674         0.674
 LOCPURPO       0.668         0.674         0.432         0.674         0.674
 GINI           0.683         0.683         0.432         0.483         0.483
 POVERTY        0.583         0.586         0.335         0.435         0.435
 LIFEEXP        0.991         1.000         0.583         0.674         0.674
 SAFETY         0.622         0.625         0.417         0.598         0.598
 INTERNET       0.988         0.997         0.583         0.674         0.674
 DIGITAL        0.970         0.979         0.580         0.671         0.671
 INNOVAT        0.770         0.779         0.532         0.622         0.622
 SMARTPHO       0.662         0.662         0.480         0.474         0.474
 CO2EMSPC       0.991         1.000         0.583         0.674         0.674
 POLLUI         0.508         0.514         0.344         0.480         0.480
 STLENT         0.949         0.958         0.556         0.644         0.644
 STLEND         0.949         0.958         0.556         0.644         0.644
 STLENAVG       0.949         0.958         0.556         0.644         0.644
 INTERST        0.949         0.958         0.556         0.644         0.644
 INTERSD        0.949         0.958         0.556         0.644         0.644
 K_AVG          0.949         0.958         0.556         0.644         0.644
 STPERNOD       0.949         0.958         0.556         0.644         0.644
 CIRCUITY       0.949         0.958         0.556         0.644         0.644
 LOOPP          0.949         0.958         0.556         0.644         0.644
 HIGHWAYP       0.949         0.958         0.556         0.644         0.644


           Covariance Coverage
              GROCERY       RESTAPRI      LOCPURPO      GINI          POVERTY
              ________      ________      ________      ________      ________
 GROCERY        0.674
 RESTAPRI       0.674         0.674
 LOCPURPO       0.674         0.674         0.674
 GINI           0.483         0.483         0.483         0.683
 POVERTY        0.435         0.435         0.435         0.489         0.586
 LIFEEXP        0.674         0.674         0.674         0.683         0.586
 SAFETY         0.598         0.598         0.598         0.438         0.408
 INTERNET       0.674         0.674         0.674         0.683         0.586
 DIGITAL        0.671         0.671         0.671         0.680         0.574
 INNOVAT        0.622         0.622         0.622         0.556         0.438
 SMARTPHO       0.474         0.474         0.474         0.508         0.384
 CO2EMSPC       0.674         0.674         0.674         0.683         0.586
 POLLUI         0.480         0.480         0.480         0.360         0.329
 STLENT         0.644         0.644         0.644         0.650         0.568
 STLEND         0.644         0.644         0.644         0.650         0.568
 STLENAVG       0.644         0.644         0.644         0.650         0.568
 INTERST        0.644         0.644         0.644         0.650         0.568
 INTERSD        0.644         0.644         0.644         0.650         0.568
 K_AVG          0.644         0.644         0.644         0.650         0.568
 STPERNOD       0.644         0.644         0.644         0.650         0.568
 CIRCUITY       0.644         0.644         0.644         0.650         0.568
 LOOPP          0.644         0.644         0.644         0.650         0.568
 HIGHWAYP       0.644         0.644         0.644         0.650         0.568


           Covariance Coverage
              LIFEEXP       SAFETY        INTERNET      DIGITAL       INNOVAT
              ________      ________      ________      ________      ________
 LIFEEXP        1.000
 SAFETY         0.625         0.625
 INTERNET       0.997         0.625         0.997
 DIGITAL        0.979         0.619         0.979         0.979
 INNOVAT        0.779         0.583         0.779         0.779         0.779
 SMARTPHO       0.662         0.435         0.662         0.662         0.577
 CO2EMSPC       1.000         0.625         0.997         0.979         0.779
 POLLUI         0.514         0.480         0.514         0.511         0.483
 STLENT         0.958         0.598         0.955         0.937         0.743
 STLEND         0.958         0.598         0.955         0.937         0.743
 STLENAVG       0.958         0.598         0.955         0.937         0.743
 INTERST        0.958         0.598         0.955         0.937         0.743
 INTERSD        0.958         0.598         0.955         0.937         0.743
 K_AVG          0.958         0.598         0.955         0.937         0.743
 STPERNOD       0.958         0.598         0.955         0.937         0.743
 CIRCUITY       0.958         0.598         0.955         0.937         0.743
 LOOPP          0.958         0.598         0.955         0.937         0.743
 HIGHWAYP       0.958         0.598         0.955         0.937         0.743


           Covariance Coverage
              SMARTPHO      CO2EMSPC      POLLUI        STLENT        STLEND
              ________      ________      ________      ________      ________
 SMARTPHO       0.662
 CO2EMSPC       0.662         1.000
 POLLUI         0.350         0.514         0.514
 STLENT         0.637         0.958         0.489         0.958
 STLEND         0.637         0.958         0.489         0.958         0.958
 STLENAVG       0.637         0.958         0.489         0.958         0.958
 INTERST        0.637         0.958         0.489         0.958         0.958
 INTERSD        0.637         0.958         0.489         0.958         0.958
 K_AVG          0.637         0.958         0.489         0.958         0.958
 STPERNOD       0.637         0.958         0.489         0.958         0.958
 CIRCUITY       0.637         0.958         0.489         0.958         0.958
 LOOPP          0.637         0.958         0.489         0.958         0.958
 HIGHWAYP       0.637         0.958         0.489         0.958         0.958


           Covariance Coverage
              STLENAVG      INTERST       INTERSD       K_AVG         STPERNOD
              ________      ________      ________      ________      ________
 STLENAVG       0.958
 INTERST        0.958         0.958
 INTERSD        0.958         0.958         0.958
 K_AVG          0.958         0.958         0.958         0.958
 STPERNOD       0.958         0.958         0.958         0.958         0.958
 CIRCUITY       0.958         0.958         0.958         0.958         0.958
 LOOPP          0.958         0.958         0.958         0.958         0.958
 HIGHWAYP       0.958         0.958         0.958         0.958         0.958


           Covariance Coverage
              CIRCUITY      LOOPP         HIGHWAYP
              ________      ________      ________
 CIRCUITY       0.958
 LOOPP          0.958         0.958
 HIGHWAYP       0.958         0.958         0.958


SUMMARY OF CENSORED LIMITS

      SUBLEN             0.000
      SUBLEND            0.000
      SUBSTPHK           0.000
      SUBRIDPC           0.000
      SUBAGE             0.000
      BRTLEN             0.000
      BRTLEND            0.000
      BRTSTPHK           0.000
      BRTFLPHK           0.000
      BRTRIDPC           0.000
      BRTAGE             0.000
      BSST               0.000
      BSSTPHK            0.000
      BSBIKES            0.000
      BSBIKPHK           0.000
      BSAGE              0.000



UNIVARIATE SAMPLE STATISTICS


     UNIVARIATE HIGHER-ORDER MOMENT DESCRIPTIVE STATISTICS

         Variable/         Mean/     Skewness/   Minimum/ % with                Percentiles
        Sample Size      Variance    Kurtosis    Maximum  Min/Max      20%/60%    40%/80%    Median

     MODECAR               5.030       0.227       0.000    0.45%       2.036      3.481      4.536
             224.000       9.053      -1.304      10.000    0.45%       5.591      8.935
     MODEPT                3.151       0.676       0.048    0.88%       0.485      2.065      2.691
             227.000       6.040      -0.266      10.000    0.44%       3.515      5.212
     MODEBIKE              0.927       3.002       0.000    4.89%       0.054      0.181      0.274
             184.000       2.563      10.165      10.000    0.54%       0.380      1.447
     MODEWALK              2.342       0.946       0.000    1.01%       0.321      1.423      2.051
             199.000       4.106       0.620      10.000    0.50%       2.692      3.846
     GASPRICE              4.972       0.291       0.047    0.91%       3.066      4.245      4.953
             331.000       4.003      -0.410      10.000    0.30%       5.472      6.651
     RDDEATH               3.954       0.364       0.161    0.30%       1.532      3.065      3.750
             330.000       5.477      -0.671      10.000    0.91%       4.570      6.156
     CONGEST               4.453       0.518       1.364    0.61%       3.030      4.091      4.394
             165.000       2.443       0.450      10.000    0.61%       4.697      5.758
     AMPEAK                4.860       0.225       1.146    0.61%       3.021      4.479      5.000
             165.000       3.209      -0.358      10.000    0.61%       5.312      6.354
     PMPEAK                4.876       0.410       1.864    0.61%       3.559      4.407      4.746
             165.000       2.220       0.069      10.000    0.61%       5.169      6.102
     TI                    4.747       0.747       1.781    0.70%       3.261      4.093      4.495
             142.000       2.342       0.338      10.000    0.70%       5.029      5.937
     TTI                   5.663       0.595       3.134    0.70%       4.560      5.254      5.522
             142.000       1.593       0.409      10.000    0.70%       5.827      6.532
     INEFIND               4.088       0.693       0.830    0.70%       2.480      3.495      3.888
             142.000       2.862       0.370      10.000    0.70%       4.362      5.385
     POP                   1.151       2.911       0.156    0.30%       0.334      0.536      0.673
             331.000       1.874      10.127      10.000    0.30%       0.856      1.525
     LAND                  0.900       3.639       0.073    0.60%       0.216      0.400      0.541
             331.000       1.250      18.899      10.000    0.30%       0.697      1.215
     POPDEN                1.385       2.394       0.113    0.30%       0.431      0.930      1.066
             331.000       1.421      10.059      10.000    0.30%       1.338      2.063
     POCH9000              0.921       3.446      -1.021    0.30%       0.128      0.316      0.474
             331.000       2.000      15.157      10.000    0.30%       0.652      1.411
     POCH0010              1.061       2.818      -0.442    0.30%       0.176      0.384      0.549
             331.000       1.982      10.604      10.000    0.30%       0.795      1.595
     POCH1020              1.129       2.774      -0.260    0.30%       0.215      0.458      0.632
             331.000       1.977      10.223      10.000    0.30%       0.856      1.718
     POCH2025              1.111       2.855      -0.126    0.30%       0.218      0.457      0.614
             331.000       1.963      10.456      10.000    0.30%       0.872      1.641
     UR15                  6.755      -0.717       1.610    0.30%       5.370      6.660      7.400
             328.000       3.669      -0.479      10.000    0.61%       7.950      8.160
     URCH1525              3.546       1.197      -0.100    0.61%       1.700      2.100      2.400
             328.000       7.093       0.466      10.000    0.30%       3.100      5.100
     GDPPCP                2.443       0.753       0.034    0.30%       0.364      1.168      1.722
             331.000       4.719      -0.441      10.000    0.30%       2.417      4.468
     UNEMPLOY              2.055       2.507       0.053    0.52%       0.895      1.500      1.684
             193.000       2.679       7.455      10.000    0.52%       1.895      2.553
     COSTLIV               3.968       0.476       1.606    0.45%       2.552      3.367      4.064
             223.000       1.992       0.589      10.000    0.45%       4.583      5.210
     RENT                  1.959       1.983       0.307    0.45%       0.833      1.298      1.641
             223.000       1.977       6.451      10.000    0.45%       2.031      2.770
     GROCERY               4.094       0.601       1.448    0.45%       2.431      3.275      3.997
             223.000       2.662       0.123      10.000    0.45%       4.563      5.600
     RESTAPRI              3.894       0.375       1.063    0.45%       2.051      2.775      3.655
             223.000       3.297      -0.508      10.000    0.45%       4.758      5.500
     LOCPURPO              4.825       0.089       0.156    0.45%       2.508      4.001      4.965
             223.000       5.086      -0.973      10.000    0.45%       5.719      6.905
     GINI                  5.696       0.471       2.933    0.44%       4.400      5.467      5.867
             226.000       1.456       0.791      10.000    0.44%       6.067      6.400
     POVERTY               3.456       0.856       0.024    0.52%       1.981      2.532      3.036
             194.000       4.170       0.613      10.000    1.03%       3.442      5.097
     LIFEEXP               8.753      -1.152       5.894    0.30%       8.059      8.882      8.953
             331.000       0.717       0.791      10.000    0.30%       9.041      9.482
     SAFETY                6.136      -0.002       1.645    0.48%       4.522      5.676      6.104
             207.000       3.282      -0.555      10.000    0.48%       6.505      7.873
     INTERNET              6.045      -0.463       0.221    0.61%       3.358      5.274      6.305
             330.000       6.630      -0.625      10.000    0.30%       7.168      8.400
     DIGITAL               6.172      -0.275       0.471    0.31%       3.765      5.059      5.882
             324.000       6.706      -1.078      10.000    0.31%       6.941      9.176
     INNOVAT               6.613      -0.114       2.833    0.39%       5.667      6.333      6.667
             258.000       1.598       0.175      10.000    0.39%       7.000      7.500
     SMARTPHON             6.074      -0.591       0.455    0.91%       3.977      5.909      6.591
             219.000       5.094      -0.671      10.000    2.74%       6.818      8.182
     CO2EMSPC              1.678       1.472       0.009    0.60%       0.361      1.012      1.406
             331.000       2.192       3.650      10.000    0.30%       1.712      2.827
     POLLUI                5.804      -0.229       1.056    0.59%       3.586      5.489      6.067
             170.000       4.605      -0.949      10.000    0.59%       6.561      7.807
     STLENT                0.750       5.172       0.048    0.32%       0.252      0.410      0.476
             317.000       1.119      32.975      10.000    0.32%       0.570      0.927
     STLEND                2.695       1.067       0.022    0.32%       1.139      1.952      2.398
             317.000       3.200       1.428      10.000    0.32%       2.867      4.047
     STLENAVG              1.724       3.556       0.623    0.32%       1.125      1.364      1.493
             317.000       0.883      21.107      10.000    0.32%       1.625      2.028
     INTERST               1.095       3.635       0.060    0.32%       0.338      0.606      0.754
             317.000       1.572      17.702      10.000    0.32%       0.887      1.539
     INTERSD               0.629       5.019       0.000    0.32%       0.197      0.302      0.329
             317.000       1.168      31.514      10.000    0.32%       0.366      0.667
     K_AVG                 7.688       0.094       5.607    0.32%       7.066      7.495      7.698
             317.000       0.500      -0.184      10.000    0.32%       7.865      8.344
     STPERNODE             8.228      -0.052       6.790    0.32%       7.664      8.081      8.250
             317.000       0.355      -0.397      10.000    0.32%       8.396      8.734
     CIRCUITY              8.771       1.533       8.307    0.32%       8.583      8.680      8.724
             317.000       0.067       4.222      10.000    0.32%       8.783      8.934
     LOOPP                 1.104       2.980       0.000    0.95%       0.195      0.446      0.616
             317.000       2.045      11.139      10.000    0.32%       0.830      1.646
     HIGHWAYP              2.056       1.170       0.000   23.03%       0.000      1.155      1.819
             317.000       3.889       1.881      10.000    0.32%       2.369      3.494


     PROBLEM OCCURRED IN EXPLORATORY FACTOR ANALYSIS WITH 9 FACTOR(S).
     THE STANDARD ERRORS OF THE MODEL PARAMETER ESTIMATES MAY NOT BE
     TRUSTWORTHY FOR SOME PARAMETERS DUE TO A NON-POSITIVE DEFINITE
     FIRST-ORDER DERIVATIVE PRODUCT MATRIX.  THIS MAY BE DUE TO THE STARTING
     VALUES BUT MAY ALSO BE AN INDICATION OF MODEL NONIDENTIFICATION.

     NOTE THAT THE NUMBER OF PARAMETERS IS GREATER THAN THE SAMPLE SIZE.




RESULTS FOR EXPLORATORY FACTOR ANALYSIS


EXPLORATORY FACTOR ANALYSIS WITH 9 FACTOR(S):


MODEL FIT INFORMATION

Number of Free Parameters                      668

Loglikelihood

          H0 Value                      -21236.540
          H0 Scaling Correction Factor      1.5412
            for MLR

Information Criteria

          Akaike (AIC)                   43809.080
          Bayesian (BIC)                 46348.895
          Sample-Size Adjusted BIC       44229.979
            (n* = (n + 2) / 24)



MINIMUM ROTATION FUNCTION VALUE       1.66398



           GEOMIN ROTATED LOADINGS (* significant at 5% level)
                  1             2             3             4             5
              ________      ________      ________      ________      ________
 SUBLEN         0.862*       -0.046*        0.062*       -0.042         0.009
 SUBLEND        0.870*        0.021        -0.014         0.061*        0.037
 SUBSTPHK       0.825*        0.069*        0.159*        0.001        -0.014
 SUBRIDPC       0.861*        0.032         0.035         0.044         0.023
 SUBAGE         0.785*        0.096*        0.080*        0.054        -0.088*
 BRTLEN         0.039         0.864*        0.014         0.064        -0.058*
 BRTLEND       -0.023         0.903*        0.112*        0.011         0.016
 BRTSTPHK      -0.054*        0.860*        0.086         0.119*        0.027
 BRTFLPHK       0.079*        0.926*        0.019         0.026        -0.032
 BRTRIDPC       0.044         0.983*        0.001        -0.025         0.003
 BRTAGE         0.076*        0.883*       -0.010         0.082*       -0.010
 BSST           0.054         0.085*        0.819*        0.073         0.056
 BSSTPHK        0.024         0.092*        0.815*        0.105         0.057
 BSBIKES        0.025         0.054         0.879*        0.035         0.074
 BSBIKPHK       0.008         0.055         0.896*        0.027         0.088
 BSAGE          0.074         0.030         0.686*        0.257*       -0.005
 MODECAR       -0.203*        0.017         0.333*        0.437*       -0.269*
 MODEPT         0.203*        0.001        -0.216        -0.264         0.073
 MODEBIKE      -0.018         0.036        -0.115         0.009         0.674*
 MODEWALK       0.118         0.024        -0.275        -0.408*        0.141
 GASPRICE       0.065        -0.018        -0.007         0.348*        0.186*
 RDDEATH       -0.010         0.066        -0.205*       -0.704*       -0.028
 CONGEST       -0.030         0.022        -0.002        -0.101        -0.024
 AMPEAK         0.005        -0.037         0.028        -0.065        -0.029
 PMPEAK        -0.005         0.029         0.070        -0.012        -0.053
 TI             0.021         0.009        -0.112        -0.025        -0.768*
 TTI            0.098*        0.038        -0.137         0.026        -0.694*
 INEFIND        0.027        -0.020        -0.134         0.110        -0.774*
 POP            0.088*        0.032         0.093         0.148        -0.029
 LAND           0.112*       -0.083        -0.004         0.518*       -0.030
 POPDEN         0.003        -0.015        -0.046        -0.392*       -0.075
 POCH9000       0.042         0.067*        0.041         0.033         0.141
 POCH0010       0.014         0.063*        0.032         0.033         0.099
 POCH1020       0.022         0.048*        0.037        -0.021         0.030
 POCH2025      -0.005         0.007         0.032        -0.076        -0.140
 UR15           0.055         0.265*        0.020         0.483*        0.027
 URCH1525      -0.025         0.017        -0.105        -0.333*        0.483*
 GDPPCP         0.067        -0.080         0.005         0.931*       -0.041
 UNEMPLOY      -0.043        -0.151        -0.063        -0.322*       -0.399*
 COSTLIV       -0.050         0.047*       -0.698*        1.249*       -0.009
 RENT           0.008        -0.079        -0.734*        1.239*        0.006
 GROCERY       -0.067         0.039        -0.667*        1.223*        0.020
 RESTAPRI      -0.018         0.054*       -0.487*        1.143*       -0.078
 LOCPURPO      -0.033         0.049         0.170         0.613*       -0.037
 GINI          -0.018         0.337*       -0.211        -0.033        -0.360*
 POVERTY       -0.053         0.210*       -0.262        -0.216        -0.303*
 LIFEEXP        0.044         0.230*        0.169         0.468*        0.286*
 SAFETY         0.050        -0.198*       -0.001         0.301*        0.472*
 INTERNET       0.079*        0.187*        0.036         0.661*        0.102*
 DIGITAL        0.065*        0.116*        0.141*        0.710*        0.026
 INNOVAT        0.154*        0.072*        0.211*        0.661*        0.020
 SMARTPHO       0.044         0.073         0.041         0.655*        0.239*
 CO2EMSPC       0.062        -0.069         0.069         0.561*        0.025
 POLLUI        -0.032        -0.168*        0.052        -0.636*        0.012
 STLENT        -0.082         0.075         0.026         0.166         0.111
 STLEND        -0.040         0.091         0.245*        0.133        -0.239*
 STLENAVG       0.011        -0.044         0.001        -0.020         0.610*
 INTERST       -0.066         0.102         0.050         0.150        -0.060
 INTERSD       -0.189*        0.079         0.089         0.018         0.004
 K_AVG         -0.070        -0.126        -0.323*       -0.084        -0.123
 STPERNOD       0.039         0.002        -0.126         0.030         0.267*
 CIRCUITY      -0.015         0.167*        0.034         0.100         0.069
 LOOPP         -0.097         0.093         0.007         0.447*       -0.132
 HIGHWAYP       0.016         0.028         0.018         0.454*        0.425*


           GEOMIN ROTATED LOADINGS (* significant at 5% level)
                  6             7             8             9
              ________      ________      ________      ________
 SUBLEN         0.081*        0.011         0.059*        0.077*
 SUBLEND       -0.007         0.043         0.021        -0.105*
 SUBSTPHK      -0.056*       -0.073        -0.074*       -0.033
 SUBRIDPC       0.024         0.045        -0.016        -0.019
 SUBAGE         0.021        -0.010         0.003         0.091*
 BRTLEN         0.142*        0.009         0.001        -0.009
 BRTLEND        0.065*        0.018        -0.014        -0.071*
 BRTSTPHK       0.045        -0.022        -0.017        -0.038
 BRTFLPHK       0.023         0.001        -0.020        -0.022
 BRTRIDPC      -0.006         0.048         0.032         0.020
 BRTAGE         0.036         0.036        -0.021         0.062
 BSST           0.041         0.025         0.022         0.081*
 BSSTPHK       -0.011         0.003        -0.022         0.043
 BSBIKES        0.062         0.022         0.054         0.066
 BSBIKPHK       0.009         0.011         0.045         0.050
 BSAGE          0.067         0.071        -0.063         0.031
 MODECAR       -0.044        -0.337*        0.208        -0.028
 MODEPT        -0.060         0.360*       -0.149        -0.001
 MODEBIKE       0.216         0.031         0.024         0.026
 MODEWALK       0.013         0.200        -0.212*        0.072
 GASPRICE      -0.017         0.167        -0.549*       -0.044
 RDDEATH       -0.091         0.009         0.375*        0.030
 CONGEST        0.112         0.870*       -0.027        -0.038
 AMPEAK         0.038         0.846*       -0.096        -0.086
 PMPEAK        -0.024         0.935*        0.110        -0.121
 TI             0.169         0.294*        0.080         0.010
 TTI            0.146         0.396*        0.007        -0.005
 INEFIND        0.140         0.225         0.081        -0.039
 POP            0.605*        0.238*        0.016         0.215*
 LAND           0.292*        0.129         0.259*        0.280*
 POPDEN         0.395*        0.075        -0.240*       -0.151*
 POCH9000       0.892*       -0.029         0.025         0.059
 POCH0010       0.949*       -0.019         0.014         0.071
 POCH1020       0.975*       -0.003        -0.032         0.028
 POCH2025       0.952*        0.011        -0.103*       -0.041
 UR15          -0.341*       -0.083         0.111         0.141*
 URCH1525       0.459*        0.034         0.134        -0.043
 GDPPCP        -0.017        -0.092        -0.010        -0.040
 UNEMPLOY       0.054        -0.087        -0.299*        0.015
 COSTLIV       -0.026         0.043        -0.075*        0.046*
 RENT           0.097*        0.169*        0.021         0.041
 GROCERY        0.019         0.027         0.023         0.035
 RESTAPRI      -0.073*       -0.013        -0.128*        0.018
 LOCPURPO       0.134*       -0.302*        0.026        -0.059
 GINI          -0.086        -0.111         0.119         0.073
 POVERTY       -0.007        -0.164         0.063        -0.041
 LIFEEXP       -0.180*       -0.057         0.013         0.061
 SAFETY         0.017         0.014        -0.127        -0.150
 INTERNET      -0.195*       -0.068        -0.008         0.001
 DIGITAL       -0.175*       -0.135*        0.009        -0.010
 INNOVAT        0.077*        0.076         0.002         0.042
 SMARTPHO      -0.006        -0.244*        0.120*       -0.053
 CO2EMSPC       0.023        -0.269*        0.231*       -0.045
 POLLUI         0.242*        0.188*        0.098         0.109
 STLENT         0.080         0.160         0.239*       -0.055
 STLEND        -0.010         0.022        -0.109         0.531*
 STLENAVG       0.166        -0.007         0.290*       -0.245*
 INTERST        0.089         0.191         0.157*        0.073
 INTERSD       -0.111        -0.003        -0.226*        0.360*
 K_AVG          0.064        -0.138         0.013         0.261*
 STPERNOD       0.234        -0.155         0.062         0.512*
 CIRCUITY      -0.234*        0.139         0.052        -0.528*
 LOOPP          0.004        -0.197        -0.047        -0.287*
 HIGHWAYP       0.207*       -0.077         0.217*       -0.158*


           GEOMIN FACTOR CORRELATIONS (* significant at 5% level)
                  1             2             3             4             5
              ________      ________      ________      ________      ________
      1         1.000
      2         0.330*        1.000
      3         0.496*        0.536*        1.000
      4         0.360*        0.647*        0.665*        1.000
      5         0.287*        0.013         0.405*        0.073         1.000
      6         0.269*        0.134*        0.105         0.011        -0.048
      7         0.271*       -0.043        -0.135        -0.202*       -0.055
      8        -0.056         0.114         0.154         0.121        -0.024
      9         0.158         0.067        -0.020         0.153        -0.123


           GEOMIN FACTOR CORRELATIONS (* significant at 5% level)
                  6             7             8             9
              ________      ________      ________      ________
      6         1.000
      7         0.438*        1.000
      8         0.172        -0.168         1.000
      9         0.104        -0.028         0.024         1.000


           ESTIMATED RESIDUAL VARIANCES
              SUBLEN        SUBLEND       SUBSTPHK      SUBRIDPC      SUBAGE
              ________      ________      ________      ________      ________
                0.171         0.184         0.164         0.130         0.199


           ESTIMATED RESIDUAL VARIANCES
              BRTLEN        BRTLEND       BRTSTPHK      BRTFLPHK      BRTRIDPC
              ________      ________      ________      ________      ________
                0.080         0.050         0.040         0.036         0.026


           ESTIMATED RESIDUAL VARIANCES
              BRTAGE        BSST          BSSTPHK       BSBIKES       BSBIKPHK
              ________      ________      ________      ________      ________
                0.054         0.037         0.051         0.012         0.012


           ESTIMATED RESIDUAL VARIANCES
              BSAGE         MODECAR       MODEPT        MODEBIKE      MODEWALK
              ________      ________      ________      ________      ________
                0.127         0.209         0.577         0.572         0.494


           ESTIMATED RESIDUAL VARIANCES
              GASPRICE      RDDEATH       CONGEST       AMPEAK        PMPEAK
              ________      ________      ________      ________      ________
                0.514         0.270         0.100         0.175         0.152


           ESTIMATED RESIDUAL VARIANCES
              TI            TTI           INEFIND       POP           LAND
              ________      ________      ________      ________      ________
                0.118         0.168         0.207         0.237         0.349


           ESTIMATED RESIDUAL VARIANCES
              POPDEN        POCH9000      POCH0010      POCH1020      POCH2025
              ________      ________      ________      ________      ________
                0.519         0.119         0.040         0.020         0.075


           ESTIMATED RESIDUAL VARIANCES
              UR15          URCH1525      GDPPCP        UNEMPLOY      COSTLIV
              ________      ________      ________      ________      ________
                0.288         0.453         0.151         0.446         0.065


           ESTIMATED RESIDUAL VARIANCES
              RENT          GROCERY       RESTAPRI      LOCPURPO      GINI
              ________      ________      ________      ________      ________
                0.186         0.123         0.101         0.261         0.682


           ESTIMATED RESIDUAL VARIANCES
              POVERTY       LIFEEXP       SAFETY        INTERNET      DIGITAL
              ________      ________      ________      ________      ________
                0.685         0.181         0.644         0.192         0.055


           ESTIMATED RESIDUAL VARIANCES
              INNOVAT       SMARTPHO      CO2EMSPC      POLLUI        STLENT
              ________      ________      ________      ________      ________
                0.082         0.173         0.421         0.314         0.851


           ESTIMATED RESIDUAL VARIANCES
              STLEND        STLENAVG      INTERST       INTERSD       K_AVG
              ________      ________      ________      ________      ________
                0.517         0.431         0.856         0.804         0.628


           ESTIMATED RESIDUAL VARIANCES
              STPERNOD      CIRCUITY      LOOPP         HIGHWAYP
              ________      ________      ________      ________
                0.620         0.608         0.634         0.389


           S.E. GEOMIN ROTATED LOADINGS
                  1             2             3             4             5
              ________      ________      ________      ________      ________
 SUBLEN         0.026         0.017         0.026         0.031         0.013
 SUBLEND        0.024         0.023         0.024         0.029         0.019
 SUBSTPHK       0.029         0.019         0.040         0.021         0.016
 SUBRIDPC       0.023         0.021         0.033         0.024         0.013
 SUBAGE         0.029         0.024         0.040         0.031         0.022
 BRTLEN         0.027         0.023         0.039         0.036         0.025
 BRTLEND        0.023         0.027         0.046         0.028         0.021
 BRTSTPHK       0.024         0.025         0.050         0.038         0.023
 BRTFLPHK       0.035         0.024         0.031         0.036         0.017
 BRTRIDPC       0.028         0.026         0.030         0.030         0.022
 BRTAGE         0.038         0.029         0.040         0.038         0.030
 BSST           0.029         0.035         0.060         0.062         0.049
 BSSTPHK        0.030         0.038         0.064         0.068         0.048
 BSBIKES        0.025         0.032         0.051         0.057         0.054
 BSBIKPHK       0.024         0.032         0.055         0.061         0.054
 BSAGE          0.039         0.044         0.072         0.077         0.038
 MODECAR        0.054         0.027         0.121         0.123         0.061
 MODEPT         0.075         0.097         0.280         0.172         0.108
 MODEBIKE       0.055         0.084         0.177         0.105         0.076
 MODEWALK       0.078         0.092         0.229         0.158         0.094
 GASPRICE       0.065         0.050         0.063         0.150         0.079
 RDDEATH        0.034         0.044         0.090         0.090         0.054
 CONGEST        0.026         0.040         0.049         0.077         0.042
 AMPEAK         0.035         0.044         0.066         0.089         0.046
 PMPEAK         0.031         0.047         0.072         0.059         0.067
 TI             0.036         0.035         0.232         0.057         0.088
 TTI            0.038         0.043         0.207         0.044         0.081
 INEFIND        0.046         0.052         0.267         0.080         0.094
 POP            0.038         0.038         0.050         0.079         0.048
 LAND           0.050         0.047         0.050         0.103         0.041
 POPDEN         0.045         0.048         0.072         0.108         0.053
 POCH9000       0.028         0.031         0.062         0.045         0.081
 POCH0010       0.024         0.032         0.036         0.034         0.076
 POCH1020       0.020         0.024         0.024         0.023         0.074
 POCH2025       0.023         0.030         0.035         0.043         0.075
 UR15           0.049         0.053         0.074         0.077         0.050
 URCH1525       0.039         0.047         0.108         0.078         0.069
 GDPPCP         0.035         0.041         0.053         0.048         0.029
 UNEMPLOY       0.063         0.091         0.085         0.104         0.089
 COSTLIV        0.026         0.021         0.129         0.065         0.023
 RENT           0.028         0.056         0.158         0.069         0.038
 GROCERY        0.035         0.029         0.127         0.070         0.033
 RESTAPRI       0.033         0.027         0.110         0.066         0.043
 LOCPURPO       0.047         0.050         0.126         0.106         0.054
 GINI           0.069         0.071         0.125         0.092         0.072
 POVERTY        0.101         0.102         0.261         0.196         0.104
 LIFEEXP        0.031         0.051         0.099         0.069         0.055
 SAFETY         0.069         0.091         0.122         0.113         0.074
 INTERNET       0.034         0.044         0.062         0.058         0.043
 DIGITAL        0.023         0.028         0.054         0.055         0.029
 INNOVAT        0.033         0.034         0.050         0.056         0.027
 SMARTPHO       0.042         0.045         0.066         0.076         0.051
 CO2EMSPC       0.049         0.041         0.068         0.086         0.054
 POLLUI         0.053         0.064         0.096         0.074         0.059
 STLENT         0.095         0.097         0.096         0.106         0.069
 STLEND         0.054         0.083         0.098         0.098         0.069
 STLENAVG       0.037         0.048         0.057         0.048         0.081
 INTERST        0.094         0.091         0.111         0.117         0.075
 INTERSD        0.090         0.091         0.130         0.076         0.059
 K_AVG          0.072         0.072         0.117         0.097         0.088
 STPERNOD       0.050         0.048         0.125         0.055         0.083
 CIRCUITY       0.054         0.064         0.075         0.082         0.094
 LOOPP          0.071         0.050         0.048         0.079         0.072
 HIGHWAYP       0.045         0.049         0.062         0.071         0.088


           S.E. GEOMIN ROTATED LOADINGS
                  6             7             8             9
              ________      ________      ________      ________
 SUBLEN         0.019         0.022         0.018         0.036
 SUBLEND        0.021         0.030         0.037         0.034
 SUBSTPHK       0.020         0.041         0.019         0.027
 SUBRIDPC       0.017         0.029         0.027         0.027
 SUBAGE         0.023         0.026         0.025         0.039
 BRTLEN         0.026         0.029         0.020         0.021
 BRTLEND        0.027         0.028         0.021         0.023
 BRTSTPHK       0.026         0.026         0.020         0.021
 BRTFLPHK       0.021         0.022         0.019         0.026
 BRTRIDPC       0.023         0.028         0.025         0.019
 BRTAGE         0.025         0.030         0.027         0.032
 BSST           0.037         0.034         0.032         0.040
 BSSTPHK        0.031         0.031         0.033         0.036
 BSBIKES        0.033         0.042         0.032         0.037
 BSBIKPHK       0.036         0.038         0.030         0.036
 BSAGE          0.039         0.044         0.043         0.042
 MODECAR        0.048         0.165         0.123         0.039
 MODEPT         0.088         0.140         0.113         0.064
 MODEBIKE       0.150         0.085         0.085         0.054
 MODEWALK       0.069         0.169         0.099         0.065
 GASPRICE       0.039         0.199         0.089         0.060
 RDDEATH        0.058         0.068         0.043         0.043
 CONGEST        0.078         0.041         0.142         0.080
 AMPEAK         0.060         0.069         0.154         0.089
 PMPEAK         0.071         0.044         0.147         0.111
 TI             0.177         0.137         0.048         0.023
 TTI            0.172         0.117         0.038         0.029
 INEFIND        0.177         0.148         0.061         0.032
 POP            0.080         0.089         0.038         0.070
 LAND           0.073         0.146         0.056         0.082
 POPDEN         0.092         0.085         0.060         0.059
 POCH9000       0.032         0.044         0.029         0.042
 POCH0010       0.024         0.041         0.024         0.040
 POCH1020       0.016         0.027         0.030         0.031
 POCH2025       0.042         0.034         0.039         0.033
 UR15           0.061         0.092         0.067         0.053
 URCH1525       0.099         0.059         0.087         0.050
 GDPPCP         0.030         0.071         0.044         0.034
 UNEMPLOY       0.076         0.095         0.069         0.044
 COSTLIV        0.020         0.025         0.025         0.020
 RENT           0.044         0.067         0.040         0.041
 GROCERY        0.025         0.056         0.027         0.039
 RESTAPRI       0.030         0.035         0.036         0.031
 LOCPURPO       0.044         0.094         0.074         0.042
 GINI           0.100         0.090         0.085         0.066
 POVERTY        0.071         0.098         0.092         0.075
 LIFEEXP        0.078         0.054         0.035         0.032
 SAFETY         0.052         0.066         0.098         0.087
 INTERNET       0.048         0.057         0.038         0.035
 DIGITAL        0.031         0.053         0.047         0.023
 INNOVAT        0.035         0.054         0.030         0.033
 SMARTPHO       0.052         0.080         0.055         0.043
 CO2EMSPC       0.033         0.122         0.077         0.045
 POLLUI         0.047         0.063         0.054         0.056
 STLENT         0.108         0.132         0.060         0.072
 STLEND         0.042         0.051         0.120         0.067
 STLENAVG       0.111         0.045         0.096         0.072
 INTERST        0.105         0.146         0.065         0.085
 INTERSD        0.067         0.086         0.091         0.097
 K_AVG          0.076         0.153         0.061         0.111
 STPERNOD       0.121         0.179         0.056         0.070
 CIRCUITY       0.074         0.123         0.074         0.063
 LOOPP          0.054         0.114         0.057         0.053
 HIGHWAYP       0.089         0.076         0.069         0.067


           S.E. GEOMIN FACTOR CORRELATIONS
                  1             2             3             4             5
              ________      ________      ________      ________      ________
      1         0.000
      2         0.038         0.000
      3         0.039         0.046         0.000
      4         0.037         0.022         0.042         0.000
      5         0.089         0.093         0.100         0.087         0.000
      6         0.045         0.034         0.055         0.036         0.106
      7         0.062         0.105         0.075         0.069         0.086
      8         0.108         0.115         0.104         0.179         0.062
      9         0.108         0.106         0.101         0.104         0.094


           S.E. GEOMIN FACTOR CORRELATIONS
                  6             7             8             9
              ________      ________      ________      ________
      6         0.000
      7         0.066         0.000
      8         0.134         0.138         0.000
      9         0.107         0.114         0.091         0.000


           S.E. ESTIMATED RESIDUAL VARIANCES
              SUBLEN        SUBLEND       SUBSTPHK      SUBRIDPC      SUBAGE
              ________      ________      ________      ________      ________
                0.027         0.020         0.031         0.019         0.022


           S.E. ESTIMATED RESIDUAL VARIANCES
              BRTLEN        BRTLEND       BRTSTPHK      BRTFLPHK      BRTRIDPC
              ________      ________      ________      ________      ________
                0.015         0.009         0.007         0.014         0.007


           S.E. ESTIMATED RESIDUAL VARIANCES
              BRTAGE        BSST          BSSTPHK       BSBIKES       BSBIKPHK
              ________      ________      ________      ________      ________
                0.015         0.019         0.022         0.003         0.002


           S.E. ESTIMATED RESIDUAL VARIANCES
              BSAGE         MODECAR       MODEPT        MODEBIKE      MODEWALK
              ________      ________      ________      ________      ________
                0.032         0.032         0.067         0.082         0.080


           S.E. ESTIMATED RESIDUAL VARIANCES
              GASPRICE      RDDEATH       CONGEST       AMPEAK        PMPEAK
              ________      ________      ________      ________      ________
                0.044         0.032         0.012         0.026         0.024


           S.E. ESTIMATED RESIDUAL VARIANCES
              TI            TTI           INEFIND       POP           LAND
              ________      ________      ________      ________      ________
                0.037         0.033         0.057         0.035         0.035


           S.E. ESTIMATED RESIDUAL VARIANCES
              POPDEN        POCH9000      POCH0010      POCH1020      POCH2025
              ________      ________      ________      ________      ________
                0.045         0.017         0.007         0.004         0.011


           S.E. ESTIMATED RESIDUAL VARIANCES
              UR15          URCH1525      GDPPCP        UNEMPLOY      COSTLIV
              ________      ________      ________      ________      ________
                0.025         0.040         0.017         0.097         0.009


           S.E. ESTIMATED RESIDUAL VARIANCES
              RENT          GROCERY       RESTAPRI      LOCPURPO      GINI
              ________      ________      ________      ________      ________
                0.030         0.017         0.014         0.048         0.049


           S.E. ESTIMATED RESIDUAL VARIANCES
              POVERTY       LIFEEXP       SAFETY        INTERNET      DIGITAL
              ________      ________      ________      ________      ________
                0.103         0.023         0.064         0.025         0.007


           S.E. ESTIMATED RESIDUAL VARIANCES
              INNOVAT       SMARTPHO      CO2EMSPC      POLLUI        STLENT
              ________      ________      ________      ________      ________
                0.011         0.025         0.048         0.039         0.042


           S.E. ESTIMATED RESIDUAL VARIANCES
              STLEND        STLENAVG      INTERST       INTERSD       K_AVG
              ________      ________      ________      ________      ________
                0.051         0.052         0.058         0.055         0.056


           S.E. ESTIMATED RESIDUAL VARIANCES
              STPERNOD      CIRCUITY      LOOPP         HIGHWAYP
              ________      ________      ________      ________
                0.058         0.051         0.046         0.045


           Est./S.E. GEOMIN ROTATED LOADINGS
                  1             2             3             4             5
              ________      ________      ________      ________      ________
 SUBLEN        33.249        -2.605         2.416        -1.355         0.692
 SUBLEND       35.870         0.904        -0.569         2.086         1.932
 SUBSTPHK      28.678         3.699         3.974         0.038        -0.902
 SUBRIDPC      36.955         1.580         1.081         1.847         1.728
 SUBAGE        26.904         4.018         2.009         1.719        -4.057
 BRTLEN         1.443        37.423         0.362         1.810        -2.330
 BRTLEND       -1.001        33.945         2.448         0.409         0.753
 BRTSTPHK      -2.242        34.898         1.730         3.135         1.133
 BRTFLPHK       2.269        38.143         0.618         0.708        -1.895
 BRTRIDPC       1.594        38.009         0.038        -0.859         0.119
 BRTAGE         2.020        30.319        -0.251         2.153        -0.330
 BSST           1.907         2.461        13.668         1.180         1.127
 BSSTPHK        0.794         2.431        12.725         1.543         1.194
 BSBIKES        1.003         1.686        17.220         0.612         1.362
 BSBIKPHK       0.320         1.693        16.438         0.436         1.621
 BSAGE          1.899         0.688         9.502         3.340        -0.145
 MODECAR       -3.769         0.612         2.745         3.544        -4.398
 MODEPT         2.723         0.014        -0.772        -1.531         0.673
 MODEBIKE      -0.323         0.427        -0.653         0.087         8.910
 MODEWALK       1.506         0.263        -1.199        -2.577         1.509
 GASPRICE       1.003        -0.364        -0.117         2.320         2.368
 RDDEATH       -0.287         1.506        -2.274        -7.862        -0.509
 CONGEST       -1.150         0.550        -0.045        -1.309        -0.569
 AMPEAK         0.154        -0.843         0.429        -0.733        -0.633
 PMPEAK        -0.148         0.610         0.984        -0.195        -0.787
 TI             0.588         0.254        -0.485        -0.431        -8.695
 TTI            2.580         0.886        -0.664         0.598        -8.611
 INEFIND        0.578        -0.379        -0.500         1.376        -8.265
 POP            2.276         0.844         1.871         1.869        -0.613
 LAND           2.257        -1.780        -0.080         5.009        -0.740
 POPDEN         0.073        -0.305        -0.636        -3.650        -1.411
 POCH9000       1.514         2.157         0.669         0.740         1.727
 POCH0010       0.579         2.000         0.882         0.972         1.300
 POCH1020       1.140         2.013         1.502        -0.935         0.409
 POCH2025      -0.212         0.241         0.903        -1.757        -1.867
 UR15           1.114         4.951         0.263         6.305         0.535
 URCH1525      -0.626         0.369        -0.975        -4.271         7.032
 GDPPCP         1.934        -1.955         0.092        19.274        -1.411
 UNEMPLOY      -0.675        -1.667        -0.735        -3.092        -4.482
 COSTLIV       -1.939         2.237        -5.407        19.080        -0.408
 RENT           0.296        -1.413        -4.633        17.838         0.169
 GROCERY       -1.941         1.365        -5.240        17.523         0.617
 RESTAPRI      -0.557         1.999        -4.406        17.265        -1.816
 LOCPURPO      -0.701         0.980         1.350         5.799        -0.681
 GINI          -0.259         4.764        -1.691        -0.356        -4.995
 POVERTY       -0.526         2.063        -1.005        -1.101        -2.923
 LIFEEXP        1.430         4.531         1.705         6.764         5.205
 SAFETY         0.723        -2.171        -0.005         2.668         6.355
 INTERNET       2.283         4.227         0.590        11.466         2.390
 DIGITAL        2.823         4.125         2.606        12.893         0.897
 INNOVAT        4.612         2.126         4.260        11.876         0.738
 SMARTPHO       1.050         1.626         0.624         8.569         4.650
 CO2EMSPC       1.253        -1.711         1.010         6.488         0.459
 POLLUI        -0.613        -2.618         0.549        -8.613         0.205
 STLENT        -0.864         0.781         0.267         1.570         1.613
 STLEND        -0.743         1.097         2.492         1.361        -3.436
 STLENAVG       0.298        -0.905         0.013        -0.417         7.496
 INTERST       -0.702         1.113         0.450         1.281        -0.811
 INTERSD       -2.096         0.864         0.684         0.235         0.067
 K_AVG         -0.975        -1.749        -2.757        -0.867        -1.394
 STPERNOD       0.777         0.048        -1.010         0.545         3.224
 CIRCUITY      -0.274         2.599         0.455         1.216         0.735
 LOOPP         -1.361         1.861         0.151         5.676        -1.834
 HIGHWAYP       0.367         0.576         0.298         6.385         4.816


           Est./S.E. GEOMIN ROTATED LOADINGS
                  6             7             8             9
              ________      ________      ________      ________
 SUBLEN         4.311         0.507         3.206         2.123
 SUBLEND       -0.340         1.407         0.580        -3.076
 SUBSTPHK      -2.773        -1.788        -3.884        -1.236
 SUBRIDPC       1.479         1.534        -0.585        -0.715
 SUBAGE         0.930        -0.397         0.109         2.332
 BRTLEN         5.496         0.289         0.058        -0.410
 BRTLEND        2.407         0.629        -0.671        -3.151
 BRTSTPHK       1.699        -0.860        -0.860        -1.839
 BRTFLPHK       1.100         0.035        -1.033        -0.849
 BRTRIDPC      -0.267         1.686         1.307         1.040
 BRTAGE         1.436         1.182        -0.758         1.932
 BSST           1.120         0.728         0.681         2.012
 BSSTPHK       -0.358         0.110        -0.686         1.218
 BSBIKES        1.855         0.509         1.671         1.775
 BSBIKPHK       0.263         0.286         1.518         1.412
 BSAGE          1.716         1.606        -1.464         0.733
 MODECAR       -0.920        -2.043         1.686        -0.715
 MODEPT        -0.679         2.572        -1.318        -0.015
 MODEBIKE       1.438         0.357         0.280         0.472
 MODEWALK       0.184         1.182        -2.140         1.106
 GASPRICE      -0.422         0.840        -6.173        -0.743
 RDDEATH       -1.580         0.127         8.626         0.690
 CONGEST        1.447        21.224        -0.190        -0.478
 AMPEAK         0.641        12.320        -0.626        -0.967
 PMPEAK        -0.339        21.349         0.746        -1.093
 TI             0.953         2.148         1.668         0.429
 TTI            0.847         3.399         0.185        -0.183
 INEFIND        0.792         1.524         1.322        -1.223
 POP            7.598         2.685         0.421         3.072
 LAND           4.028         0.884         4.637         3.428
 POPDEN         4.306         0.878        -3.992        -2.546
 POCH9000      27.808        -0.659         0.854         1.416
 POCH0010      39.185        -0.464         0.607         1.799
 POCH1020      59.455        -0.118        -1.075         0.919
 POCH2025      22.770         0.313        -2.623        -1.238
 UR15          -5.546        -0.902         1.648         2.689
 URCH1525       4.650         0.583         1.530        -0.866
 GDPPCP        -0.551        -1.295        -0.231        -1.197
 UNEMPLOY       0.707        -0.922        -4.355         0.328
 COSTLIV       -1.282         1.707        -3.069         2.275
 RENT           2.187         2.530         0.522         1.016
 GROCERY        0.743         0.484         0.838         0.888
 RESTAPRI      -2.443        -0.383        -3.554         0.560
 LOCPURPO       3.023        -3.199         0.345        -1.387
 GINI          -0.856        -1.227         1.401         1.115
 POVERTY       -0.093        -1.678         0.678        -0.547
 LIFEEXP       -2.327        -1.066         0.370         1.878
 SAFETY         0.328         0.212        -1.297        -1.719
 INTERNET      -4.081        -1.200        -0.222         0.034
 DIGITAL       -5.690        -2.529         0.196        -0.421
 INNOVAT        2.188         1.413         0.078         1.271
 SMARTPHO      -0.114        -3.040         2.172        -1.247
 CO2EMSPC       0.699        -2.207         3.004        -1.014
 POLLUI         5.170         3.011         1.814         1.953
 STLENT         0.739         1.208         3.975        -0.757
 STLEND        -0.242         0.425        -0.914         7.974
 STLENAVG       1.489        -0.156         3.029        -3.387
 INTERST        0.854         1.304         2.412         0.858
 INTERSD       -1.664        -0.030        -2.485         3.705
 K_AVG          0.836        -0.898         0.217         2.352
 STPERNOD       1.935        -0.869         1.124         7.303
 CIRCUITY      -3.156         1.130         0.706        -8.334
 LOOPP          0.083        -1.731        -0.837        -5.425
 HIGHWAYP       2.335        -1.016         3.158        -2.349


           Est./S.E. GEOMIN FACTOR CORRELATIONS
                  1             2             3             4             5
              ________      ________      ________      ________      ________
      1         0.000
      2         8.761         0.000
      3        12.858        11.759         0.000
      4         9.613        29.358        15.915         0.000
      5         3.229         0.136         4.057         0.846         0.000
      6         6.020         3.937         1.900         0.298        -0.453
      7         4.349        -0.409        -1.813        -2.905        -0.643
      8        -0.521         0.988         1.477         0.677        -0.386
      9         1.466         0.634        -0.198         1.472        -1.314


           Est./S.E. GEOMIN FACTOR CORRELATIONS
                  6             7             8             9
              ________      ________      ________      ________
      6         0.000
      7         6.624         0.000
      8         1.282        -1.213         0.000
      9         0.968        -0.247         0.264         0.000


           Est./S.E. ESTIMATED RESIDUAL VARIANCES
              SUBLEN        SUBLEND       SUBSTPHK      SUBRIDPC      SUBAGE
              ________      ________      ________      ________      ________
                6.451         9.140         5.321         6.690         8.956


           Est./S.E. ESTIMATED RESIDUAL VARIANCES
              BRTLEN        BRTLEND       BRTSTPHK      BRTFLPHK      BRTRIDPC
              ________      ________      ________      ________      ________
                5.169         5.403         5.462         2.594         3.755


           Est./S.E. ESTIMATED RESIDUAL VARIANCES
              BRTAGE        BSST          BSSTPHK       BSBIKES       BSBIKPHK
              ________      ________      ________      ________      ________
                3.643         1.972         2.327         4.613         6.359


           Est./S.E. ESTIMATED RESIDUAL VARIANCES
              BSAGE         MODECAR       MODEPT        MODEBIKE      MODEWALK
              ________      ________      ________      ________      ________
                4.011         6.640         8.661         7.006         6.135


           Est./S.E. ESTIMATED RESIDUAL VARIANCES
              GASPRICE      RDDEATH       CONGEST       AMPEAK        PMPEAK
              ________      ________      ________      ________      ________
               11.567         8.343         8.357         6.723         6.276


           Est./S.E. ESTIMATED RESIDUAL VARIANCES
              TI            TTI           INEFIND       POP           LAND
              ________      ________      ________      ________      ________
                3.164         5.174         3.615         6.810         9.965


           Est./S.E. ESTIMATED RESIDUAL VARIANCES
              POPDEN        POCH9000      POCH0010      POCH1020      POCH2025
              ________      ________      ________      ________      ________
               11.411         6.843         5.949         4.930         6.820


           Est./S.E. ESTIMATED RESIDUAL VARIANCES
              UR15          URCH1525      GDPPCP        UNEMPLOY      COSTLIV
              ________      ________      ________      ________      ________
               11.421        11.186         8.870         4.597         6.902


           Est./S.E. ESTIMATED RESIDUAL VARIANCES
              RENT          GROCERY       RESTAPRI      LOCPURPO      GINI
              ________      ________      ________      ________      ________
                6.284         7.291         7.034         5.386        13.928


           Est./S.E. ESTIMATED RESIDUAL VARIANCES
              POVERTY       LIFEEXP       SAFETY        INTERNET      DIGITAL
              ________      ________      ________      ________      ________
                6.626         8.009        10.097         7.605         7.625


           Est./S.E. ESTIMATED RESIDUAL VARIANCES
              INNOVAT       SMARTPHO      CO2EMSPC      POLLUI        STLENT
              ________      ________      ________      ________      ________
                7.720         6.907         8.818         8.147        20.291


           Est./S.E. ESTIMATED RESIDUAL VARIANCES
              STLEND        STLENAVG      INTERST       INTERSD       K_AVG
              ________      ________      ________      ________      ________
               10.102         8.356        14.845        14.553        11.185


           Est./S.E. ESTIMATED RESIDUAL VARIANCES
              STPERNOD      CIRCUITY      LOOPP         HIGHWAYP
              ________      ________      ________      ________
               10.616        12.011        13.841         8.691


           FACTOR STRUCTURE
                  1             2             3             4             5
              ________      ________      ________      ________      ________
 SUBLEN         0.899         0.268         0.455         0.299         0.263
 SUBLEND        0.894         0.333         0.483         0.359         0.297
 SUBSTPHK       0.886         0.412         0.592         0.447         0.301
 SUBRIDPC       0.928         0.362         0.512         0.386         0.287
 SUBAGE         0.867         0.441         0.523         0.462         0.164
 BRTLEN         0.377         0.944         0.531         0.641        -0.031
 BRTLEND        0.350         0.965         0.602         0.647         0.072
 BRTSTPHK       0.324         0.968         0.616         0.712         0.070
 BRTFLPHK       0.398         0.977         0.559         0.657         0.014
 BRTRIDPC       0.373         0.984         0.532         0.624         0.021
 BRTAGE         0.420         0.961         0.547         0.673         0.014
 BSST           0.560         0.603         0.966         0.707         0.396
 BSSTPHK        0.518         0.604         0.963         0.722         0.399
 BSBIKES        0.542         0.574         0.983         0.681         0.427
 BSBIKPHK       0.516         0.566         0.988         0.678         0.448
 BSAGE          0.561         0.590         0.896         0.743         0.304
 MODECAR       -0.072         0.438         0.496         0.665        -0.141
 MODEPT         0.112        -0.258        -0.339        -0.420         0.011
 MODEBIKE       0.203         0.014         0.196         0.002         0.608
 MODEWALK      -0.036        -0.373        -0.477        -0.577         0.019
 GASPRICE       0.299         0.152         0.214         0.262         0.237
 RDDEATH       -0.390        -0.470        -0.607        -0.756        -0.173
 CONGEST        0.194        -0.082        -0.191        -0.284        -0.089
 AMPEAK         0.207        -0.111        -0.167        -0.265        -0.057
 PMPEAK         0.242         0.018        -0.055        -0.145        -0.064
 TI            -0.139        -0.050        -0.435        -0.189        -0.837
 TTI           -0.002         0.008        -0.369        -0.134        -0.748
 INEFIND       -0.141        -0.005        -0.374        -0.079        -0.829
 POP            0.449         0.293         0.270         0.253        -0.025
 LAND           0.404         0.368         0.387         0.551        -0.024
 POPDEN        -0.071        -0.281        -0.346        -0.500        -0.120
 POCH9000       0.377         0.254         0.278         0.157         0.123
 POCH0010       0.352         0.242         0.238         0.134         0.065
 POCH1020       0.325         0.190         0.169         0.056         0.001
 POCH2025       0.204         0.084         0.010        -0.073        -0.173
 UR15           0.236         0.586         0.511         0.738         0.090
 URCH1525       0.067        -0.184        -0.068        -0.357         0.387
 GDPPCP         0.332         0.544         0.608         0.914         0.058
 UNEMPLOY      -0.344        -0.434        -0.570        -0.522        -0.455
 COSTLIV        0.083         0.453         0.108         0.786        -0.219
 RENT           0.144         0.342         0.044         0.679        -0.218
 GROCERY        0.078         0.456         0.143         0.784        -0.186
 RESTAPRI       0.135         0.503         0.237         0.832        -0.190
 LOCPURPO       0.221         0.554         0.632         0.799         0.085
 GINI          -0.175         0.204        -0.184         0.059        -0.451
 POVERTY       -0.335        -0.081        -0.410        -0.262        -0.425
 LIFEEXP        0.399         0.626         0.731         0.787         0.408
 SAFETY         0.221        -0.003         0.293         0.185         0.525
 INTERNET       0.356         0.637         0.644         0.853         0.203
 DIGITAL        0.351         0.655         0.720         0.929         0.172
 INNOVAT        0.574         0.674         0.771         0.898         0.186
 SMARTPHO       0.311         0.556         0.687         0.819         0.335
 CO2EMSPC       0.195         0.389         0.521         0.662         0.125
 POLLUI        -0.160        -0.519        -0.459        -0.728        -0.063
 STLENT         0.090         0.198         0.206         0.200         0.100
 STLEND         0.184         0.313         0.234         0.386        -0.203
 STLENAVG       0.153        -0.006         0.285         0.002         0.627
 INTERST        0.108         0.229         0.153         0.214        -0.074
 INTERSD       -0.072         0.059        -0.003         0.087        -0.046
 K_AVG         -0.317        -0.345        -0.509        -0.345        -0.310
 STPERNOD       0.163         0.050         0.067         0.101         0.162
 CIRCUITY       0.002         0.180         0.186         0.126         0.156
 LOOPP         -0.034         0.337         0.279         0.458        -0.075
 HIGHWAYP       0.318         0.387         0.585         0.541         0.480


           FACTOR STRUCTURE
                  6             7             8             9
              ________      ________      ________      ________
 SUBLEN         0.336         0.270         0.023         0.211
 SUBLEND        0.239         0.261        -0.032         0.038
 SUBSTPHK       0.144         0.116        -0.086         0.095
 SUBRIDPC       0.278         0.276        -0.054         0.123
 SUBAGE         0.264         0.187        -0.002         0.241
 BRTLEN         0.276         0.033         0.131         0.087
 BRTLEND        0.188        -0.013         0.114        -0.011
 BRTSTPHK       0.138        -0.088         0.121         0.030
 BRTFLPHK       0.167        -0.009         0.091         0.062
 BRTRIDPC       0.166         0.014         0.130         0.087
 BRTAGE         0.193         0.021         0.086         0.149
 BSST           0.175        -0.080         0.167         0.087
 BSSTPHK        0.094        -0.131         0.122         0.044
 BSBIKES        0.190        -0.088         0.205         0.059
 BSBIKPHK       0.127        -0.126         0.191         0.032
 BSAGE          0.189        -0.016         0.074         0.074
 MODECAR       -0.158        -0.564         0.380         0.045
 MODEPT         0.098         0.492        -0.298        -0.034
 MODEBIKE       0.192         0.091         0.029        -0.032
 MODEWALK       0.066         0.382        -0.341         0.009
 GASPRICE      -0.033         0.192        -0.550        -0.024
 RDDEATH       -0.041         0.071         0.250        -0.068
 CONGEST        0.480         0.938        -0.162        -0.067
 AMPEAK         0.384         0.895        -0.241        -0.117
 PMPEAK         0.405         0.903        -0.040        -0.143
 TI             0.344         0.423         0.058         0.118
 TTI            0.371         0.536        -0.037         0.109
 INEFIND        0.278         0.321         0.074         0.089
 POP            0.775         0.476         0.117         0.311
 LAND           0.448         0.137         0.342         0.408
 POPDEN         0.364         0.383        -0.243        -0.168
 POCH9000       0.908         0.344         0.197         0.151
 POCH0010       0.962         0.377         0.196         0.169
 POCH1020       0.986         0.430         0.143         0.127
 POCH2025       0.944         0.463         0.058         0.060
 UR15          -0.288        -0.353         0.158         0.208
 URCH1525       0.451         0.261         0.141        -0.104
 GDPPCP        -0.043        -0.260         0.103         0.113
 UNEMPLOY      -0.057         0.077        -0.328         0.000
 COSTLIV       -0.082        -0.130        -0.034         0.242
 RENT           0.106         0.061         0.038         0.247
 GROCERY       -0.033        -0.147         0.076         0.226
 RESTAPRI      -0.132        -0.192        -0.065         0.202
 LOCPURPO       0.024        -0.401         0.207         0.057
 GINI          -0.071        -0.135         0.136         0.134
 POVERTY       -0.073        -0.104         0.055        -0.020
 LIFEEXP       -0.145        -0.271         0.092         0.099
 SAFETY        -0.047        -0.018        -0.130        -0.169
 INTERNET      -0.174        -0.283         0.070         0.095
 DIGITAL       -0.179        -0.364         0.118         0.097
 INNOVAT        0.194        -0.017         0.115         0.172
 SMARTPHO      -0.076        -0.408         0.244         0.038
 CO2EMSPC      -0.040        -0.401         0.346         0.057
 POLLUI         0.320         0.394         0.024         0.015
 STLENT         0.173         0.088         0.260        -0.042
 STLEND         0.076        -0.041        -0.030         0.571
 STLENAVG       0.155        -0.001         0.292        -0.300
 INTERST        0.213         0.146         0.184         0.106
 INTERSD       -0.144        -0.094        -0.201         0.319
 K_AVG         -0.032        -0.065        -0.014         0.262
 STPERNOD       0.214        -0.071         0.117         0.522
 CIRCUITY      -0.199         0.002         0.012        -0.539
 LOOPP         -0.122        -0.293         0.054        -0.207
 HIGHWAYP       0.188        -0.133         0.312        -0.108


     Beginning Time:  15:32:25
        Ending Time:  17:53:30
       Elapsed Time:  02:21:05



MUTHEN & MUTHEN
3463 Stoner Ave.
Los Angeles, CA  90066

Tel: (310) 391-9971
Fax: (310) 391-8971
Web: www.StatModel.com
Support: Support@StatModel.com

Copyright (c) 1998-2017 Muthen & Muthen
